<?xml version="1.0" encoding="UTF-8"?>
<!-- Generated by org.testng.reporters.JUnitXMLReporter -->
<testsuite ignored="0" hostname="BCTCL-DL5420242" failures="0" tests="5" name="Test" time="0.142" errors="0" timestamp="2024-12-30T09:27:29 IST">
  <testcase classname="Tests.LoginPage" name="Home" time="0.016"/>
  <testcase classname="Tests.LoginPage" name="Login" time="0.001"/>
  <testcase classname="Tests.LoginPage" name="Signup" time="0.002"/>
  <testcase classname="Tests.LoginPage" name="welcome" time="0.001"/>
  <testcase classname="Tests.ProductPage" name="searchProduct" time="0.002"/>
</testsuite> <!-- Test -->
