<?xml version="1.0" encoding="UTF-8"?>
<testng-results ignored="0" total="4" passed="4" failed="0" skipped="0">
  <reporter-output>
  </reporter-output>
  <suite started-at="2024-12-27T12:34:25 IST" name="Suite" finished-at="2024-12-27T12:34:25 IST" duration-ms="170">
    <groups>
    </groups>
    <test started-at="2024-12-27T12:34:25 IST" name="Test" finished-at="2024-12-27T12:34:25 IST" duration-ms="170">
      <class name="Tests.LoginPage">
        <test-method signature="Home()[pri:0, instance:Tests.LoginPage@3a1d593e]" started-at="2024-12-27T12:34:25 IST" name="Home" finished-at="2024-12-27T12:34:25 IST" duration-ms="31" status="PASS">
          <reporter-output>
          </reporter-output>
        </test-method> <!-- Home -->
        <test-method signature="Login()[pri:0, instance:Tests.LoginPage@3a1d593e]" started-at="2024-12-27T12:34:25 IST" name="Login" finished-at="2024-12-27T12:34:25 IST" duration-ms="2" status="PASS">
          <reporter-output>
          </reporter-output>
        </test-method> <!-- Login -->
        <test-method signature="Signup()[pri:0, instance:Tests.LoginPage@3a1d593e]" started-at="2024-12-27T12:34:25 IST" name="Signup" finished-at="2024-12-27T12:34:25 IST" duration-ms="1" status="PASS">
          <reporter-output>
          </reporter-output>
        </test-method> <!-- Signup -->
        <test-method signature="welcome()[pri:0, instance:Tests.LoginPage@3a1d593e]" started-at="2024-12-27T12:34:25 IST" name="welcome" finished-at="2024-12-27T12:34:25 IST" duration-ms="1" status="PASS">
          <reporter-output>
          </reporter-output>
        </test-method> <!-- welcome -->
      </class> <!-- Tests.LoginPage -->
    </test> <!-- Test -->
  </suite> <!-- Suite -->
</testng-results>
