<?xml version="1.0" encoding="UTF-8"?>
<testng-results ignored="0" total="5" passed="5" failed="0" skipped="0">
  <reporter-output>
  </reporter-output>
  <suite started-at="2025-01-02T13:15:27 IST" name="ImpactedTests" finished-at="2025-01-02T13:15:27 IST" duration-ms="69">
    <groups>
    </groups>
    <test started-at="2025-01-02T13:15:27 IST" name="Test" finished-at="2025-01-02T13:15:27 IST" duration-ms="69">
      <class name="Tests.ProductPage">
        <test-method signature="searchProduct()[pri:0, instance:Tests.ProductPage@3972a855]" started-at="2025-01-02T13:15:27 IST" name="searchProduct" finished-at="2025-01-02T13:15:27 IST" duration-ms="12" status="PASS">
          <reporter-output>
          </reporter-output>
        </test-method> <!-- searchProduct -->
      </class> <!-- Tests.ProductPage -->
      <class name="Tests.LoginPage">
        <test-method signature="Home()[pri:0, instance:Tests.LoginPage@19d481b]" started-at="2025-01-02T13:15:27 IST" name="Home" finished-at="2025-01-02T13:15:27 IST" duration-ms="2" status="PASS">
          <reporter-output>
          </reporter-output>
        </test-method> <!-- Home -->
        <test-method signature="Login()[pri:0, instance:Tests.LoginPage@19d481b]" started-at="2025-01-02T13:15:27 IST" name="Login" finished-at="2025-01-02T13:15:27 IST" duration-ms="1" status="PASS">
          <reporter-output>
          </reporter-output>
        </test-method> <!-- Login -->
        <test-method signature="Signup()[pri:0, instance:Tests.LoginPage@19d481b]" started-at="2025-01-02T13:15:27 IST" name="Signup" finished-at="2025-01-02T13:15:27 IST" duration-ms="1" status="PASS">
          <reporter-output>
          </reporter-output>
        </test-method> <!-- Signup -->
        <test-method signature="welcome()[pri:0, instance:Tests.LoginPage@19d481b]" started-at="2025-01-02T13:15:27 IST" name="welcome" finished-at="2025-01-02T13:15:27 IST" duration-ms="2" status="PASS">
          <reporter-output>
          </reporter-output>
        </test-method> <!-- welcome -->
      </class> <!-- Tests.LoginPage -->
    </test> <!-- Test -->
  </suite> <!-- ImpactedTests -->
</testng-results>
